[0.503s] Invoking command in '/home/ssafy/work/ros_prac3/src/turtle_controller': PYTHONPATH=/home/ssafy/work/ros_prac3/build/turtle_controller/prefix_override:/usr/lib/python3/dist-packages/colcon_core/task/python/colcon_distutils_commands:/home/ssafy/work/ros_prac3/install/turtle_controller/lib/python3.10/site-packages:${PYTHONPATH} /usr/bin/python3 -W ignore:setup.py install is deprecated -W ignore:easy_install command is deprecated setup.py egg_info --egg-base ../../build/turtle_controller build --build-base /home/ssafy/work/ros_prac3/build/turtle_controller/build install --record /home/ssafy/work/ros_prac3/build/turtle_controller/install.log --single-version-externally-managed install_data
[0.645s] running egg_info
[0.646s] creating ../../build/turtle_controller/turtle_controller.egg-info
[0.646s] writing ../../build/turtle_controller/turtle_controller.egg-info/PKG-INFO
[0.646s] writing dependency_links to ../../build/turtle_controller/turtle_controller.egg-info/dependency_links.txt
[0.646s] writing entry points to ../../build/turtle_controller/turtle_controller.egg-info/entry_points.txt
[0.646s] writing requirements to ../../build/turtle_controller/turtle_controller.egg-info/requires.txt
[0.646s] writing top-level names to ../../build/turtle_controller/turtle_controller.egg-info/top_level.txt
[0.646s] writing manifest file '../../build/turtle_controller/turtle_controller.egg-info/SOURCES.txt'
[0.648s] reading manifest file '../../build/turtle_controller/turtle_controller.egg-info/SOURCES.txt'
[0.648s] writing manifest file '../../build/turtle_controller/turtle_controller.egg-info/SOURCES.txt'
[0.648s] running build
[0.648s] running build_py
[0.648s] creating /home/ssafy/work/ros_prac3/build/turtle_controller/build
[0.648s] creating /home/ssafy/work/ros_prac3/build/turtle_controller/build/lib
[0.648s] creating /home/ssafy/work/ros_prac3/build/turtle_controller/build/lib/turtle_controller
[0.648s] copying turtle_controller/__init__.py -> /home/ssafy/work/ros_prac3/build/turtle_controller/build/lib/turtle_controller
[0.648s] copying turtle_controller/turtle_controller.py -> /home/ssafy/work/ros_prac3/build/turtle_controller/build/lib/turtle_controller
[0.648s] running install
[0.649s] running install_lib
[0.649s] creating /home/ssafy/work/ros_prac3/install/turtle_controller/lib/python3.10/site-packages/turtle_controller
[0.649s] copying /home/ssafy/work/ros_prac3/build/turtle_controller/build/lib/turtle_controller/__init__.py -> /home/ssafy/work/ros_prac3/install/turtle_controller/lib/python3.10/site-packages/turtle_controller
[0.649s] copying /home/ssafy/work/ros_prac3/build/turtle_controller/build/lib/turtle_controller/turtle_controller.py -> /home/ssafy/work/ros_prac3/install/turtle_controller/lib/python3.10/site-packages/turtle_controller
[0.649s] byte-compiling /home/ssafy/work/ros_prac3/install/turtle_controller/lib/python3.10/site-packages/turtle_controller/__init__.py to __init__.cpython-310.pyc
[0.649s] byte-compiling /home/ssafy/work/ros_prac3/install/turtle_controller/lib/python3.10/site-packages/turtle_controller/turtle_controller.py to turtle_controller.cpython-310.pyc
[0.649s] running install_data
[0.650s] creating /home/ssafy/work/ros_prac3/install/turtle_controller/share/ament_index
[0.650s] creating /home/ssafy/work/ros_prac3/install/turtle_controller/share/ament_index/resource_index
[0.650s] creating /home/ssafy/work/ros_prac3/install/turtle_controller/share/ament_index/resource_index/packages
[0.650s] copying resource/turtle_controller -> /home/ssafy/work/ros_prac3/install/turtle_controller/share/ament_index/resource_index/packages
[0.650s] copying package.xml -> /home/ssafy/work/ros_prac3/install/turtle_controller/share/turtle_controller
[0.650s] running install_egg_info
[0.651s] Copying ../../build/turtle_controller/turtle_controller.egg-info to /home/ssafy/work/ros_prac3/install/turtle_controller/lib/python3.10/site-packages/turtle_controller-0.0.0-py3.10.egg-info
[0.651s] running install_scripts
[0.664s] Installing turtle_controller script to /home/ssafy/work/ros_prac3/install/turtle_controller/lib/turtle_controller
[0.664s] writing list of installed files to '/home/ssafy/work/ros_prac3/build/turtle_controller/install.log'
[0.684s] Invoked command in '/home/ssafy/work/ros_prac3/src/turtle_controller' returned '0': PYTHONPATH=/home/ssafy/work/ros_prac3/build/turtle_controller/prefix_override:/usr/lib/python3/dist-packages/colcon_core/task/python/colcon_distutils_commands:/home/ssafy/work/ros_prac3/install/turtle_controller/lib/python3.10/site-packages:${PYTHONPATH} /usr/bin/python3 -W ignore:setup.py install is deprecated -W ignore:easy_install command is deprecated setup.py egg_info --egg-base ../../build/turtle_controller build --build-base /home/ssafy/work/ros_prac3/build/turtle_controller/build install --record /home/ssafy/work/ros_prac3/build/turtle_controller/install.log --single-version-externally-managed install_data
