[0.516s] Invoking command in '/home/ssafy/work/ros_prac3/src/turtle_controller': PYTHONPATH=/home/ssafy/work/ros_prac3/build/turtle_controller/prefix_override:/usr/lib/python3/dist-packages/colcon_core/task/python/colcon_distutils_commands:/home/ssafy/work/ros_prac3/install/turtle_controller/lib/python3.10/site-packages:${PYTHONPATH} /usr/bin/python3 -W ignore:setup.py install is deprecated -W ignore:easy_install command is deprecated setup.py egg_info --egg-base ../../build/turtle_controller build --build-base /home/ssafy/work/ros_prac3/build/turtle_controller/build install --record /home/ssafy/work/ros_prac3/build/turtle_controller/install.log --single-version-externally-managed install_data
[0.662s] running egg_info
[0.662s] writing ../../build/turtle_controller/turtle_controller.egg-info/PKG-INFO
[0.662s] writing dependency_links to ../../build/turtle_controller/turtle_controller.egg-info/dependency_links.txt
[0.662s] writing entry points to ../../build/turtle_controller/turtle_controller.egg-info/entry_points.txt
[0.663s] writing requirements to ../../build/turtle_controller/turtle_controller.egg-info/requires.txt
[0.663s] writing top-level names to ../../build/turtle_controller/turtle_controller.egg-info/top_level.txt
[0.664s] reading manifest file '../../build/turtle_controller/turtle_controller.egg-info/SOURCES.txt'
[0.664s] writing manifest file '../../build/turtle_controller/turtle_controller.egg-info/SOURCES.txt'
[0.664s] running build
[0.665s] running build_py
[0.665s] copying turtle_controller/turtle_controller.py -> /home/ssafy/work/ros_prac3/build/turtle_controller/build/lib/turtle_controller
[0.665s] running install
[0.665s] running install_lib
[0.665s] copying /home/ssafy/work/ros_prac3/build/turtle_controller/build/lib/turtle_controller/turtle_controller.py -> /home/ssafy/work/ros_prac3/install/turtle_controller/lib/python3.10/site-packages/turtle_controller
[0.666s] byte-compiling /home/ssafy/work/ros_prac3/install/turtle_controller/lib/python3.10/site-packages/turtle_controller/turtle_controller.py to turtle_controller.cpython-310.pyc
[0.666s] running install_data
[0.666s] running install_egg_info
[0.667s] removing '/home/ssafy/work/ros_prac3/install/turtle_controller/lib/python3.10/site-packages/turtle_controller-0.0.0-py3.10.egg-info' (and everything under it)
[0.667s] Copying ../../build/turtle_controller/turtle_controller.egg-info to /home/ssafy/work/ros_prac3/install/turtle_controller/lib/python3.10/site-packages/turtle_controller-0.0.0-py3.10.egg-info
[0.668s] running install_scripts
[0.680s] Installing turtle_controller script to /home/ssafy/work/ros_prac3/install/turtle_controller/lib/turtle_controller
[0.680s] writing list of installed files to '/home/ssafy/work/ros_prac3/build/turtle_controller/install.log'
[0.701s] Invoked command in '/home/ssafy/work/ros_prac3/src/turtle_controller' returned '0': PYTHONPATH=/home/ssafy/work/ros_prac3/build/turtle_controller/prefix_override:/usr/lib/python3/dist-packages/colcon_core/task/python/colcon_distutils_commands:/home/ssafy/work/ros_prac3/install/turtle_controller/lib/python3.10/site-packages:${PYTHONPATH} /usr/bin/python3 -W ignore:setup.py install is deprecated -W ignore:easy_install command is deprecated setup.py egg_info --egg-base ../../build/turtle_controller build --build-base /home/ssafy/work/ros_prac3/build/turtle_controller/build install --record /home/ssafy/work/ros_prac3/build/turtle_controller/install.log --single-version-externally-managed install_data
