running egg_info
creating ../../build/turtle_spawner/turtle_spawner.egg-info
writing ../../build/turtle_spawner/turtle_spawner.egg-info/PKG-INFO
writing dependency_links to ../../build/turtle_spawner/turtle_spawner.egg-info/dependency_links.txt
writing entry points to ../../build/turtle_spawner/turtle_spawner.egg-info/entry_points.txt
writing requirements to ../../build/turtle_spawner/turtle_spawner.egg-info/requires.txt
writing top-level names to ../../build/turtle_spawner/turtle_spawner.egg-info/top_level.txt
writing manifest file '../../build/turtle_spawner/turtle_spawner.egg-info/SOURCES.txt'
reading manifest file '../../build/turtle_spawner/turtle_spawner.egg-info/SOURCES.txt'
writing manifest file '../../build/turtle_spawner/turtle_spawner.egg-info/SOURCES.txt'
running build
running build_py
creating /home/ssafy/work/ros_prac3/build/turtle_spawner/build
creating /home/ssafy/work/ros_prac3/build/turtle_spawner/build/lib
creating /home/ssafy/work/ros_prac3/build/turtle_spawner/build/lib/turtle_spawner
copying turtle_spawner/__init__.py -> /home/ssafy/work/ros_prac3/build/turtle_spawner/build/lib/turtle_spawner
copying turtle_spawner/spawn_turtle.py -> /home/ssafy/work/ros_prac3/build/turtle_spawner/build/lib/turtle_spawner
running install
running install_lib
creating /home/ssafy/work/ros_prac3/install/turtle_spawner/lib/python3.10/site-packages/turtle_spawner
copying /home/ssafy/work/ros_prac3/build/turtle_spawner/build/lib/turtle_spawner/__init__.py -> /home/ssafy/work/ros_prac3/install/turtle_spawner/lib/python3.10/site-packages/turtle_spawner
copying /home/ssafy/work/ros_prac3/build/turtle_spawner/build/lib/turtle_spawner/spawn_turtle.py -> /home/ssafy/work/ros_prac3/install/turtle_spawner/lib/python3.10/site-packages/turtle_spawner
byte-compiling /home/ssafy/work/ros_prac3/install/turtle_spawner/lib/python3.10/site-packages/turtle_spawner/__init__.py to __init__.cpython-310.pyc
byte-compiling /home/ssafy/work/ros_prac3/install/turtle_spawner/lib/python3.10/site-packages/turtle_spawner/spawn_turtle.py to spawn_turtle.cpython-310.pyc
running install_data
creating /home/ssafy/work/ros_prac3/install/turtle_spawner/share/ament_index
creating /home/ssafy/work/ros_prac3/install/turtle_spawner/share/ament_index/resource_index
creating /home/ssafy/work/ros_prac3/install/turtle_spawner/share/ament_index/resource_index/packages
copying resource/turtle_spawner -> /home/ssafy/work/ros_prac3/install/turtle_spawner/share/ament_index/resource_index/packages
copying package.xml -> /home/ssafy/work/ros_prac3/install/turtle_spawner/share/turtle_spawner
running install_egg_info
Copying ../../build/turtle_spawner/turtle_spawner.egg-info to /home/ssafy/work/ros_prac3/install/turtle_spawner/lib/python3.10/site-packages/turtle_spawner-0.0.0-py3.10.egg-info
running install_scripts
Installing spawn_turtle script to /home/ssafy/work/ros_prac3/install/turtle_spawner/lib/turtle_spawner
writing list of installed files to '/home/ssafy/work/ros_prac3/build/turtle_spawner/install.log'
