running egg_info
creating ../../build/turtlesim_drawing/turtlesim_drawing.egg-info
writing ../../build/turtlesim_drawing/turtlesim_drawing.egg-info/PKG-INFO
writing dependency_links to ../../build/turtlesim_drawing/turtlesim_drawing.egg-info/dependency_links.txt
writing entry points to ../../build/turtlesim_drawing/turtlesim_drawing.egg-info/entry_points.txt
writing requirements to ../../build/turtlesim_drawing/turtlesim_drawing.egg-info/requires.txt
writing top-level names to ../../build/turtlesim_drawing/turtlesim_drawing.egg-info/top_level.txt
writing manifest file '../../build/turtlesim_drawing/turtlesim_drawing.egg-info/SOURCES.txt'
reading manifest file '../../build/turtlesim_drawing/turtlesim_drawing.egg-info/SOURCES.txt'
writing manifest file '../../build/turtlesim_drawing/turtlesim_drawing.egg-info/SOURCES.txt'
running build
running build_py
creating /home/ssafy/work/1001homework6/build/turtlesim_drawing/build
creating /home/ssafy/work/1001homework6/build/turtlesim_drawing/build/lib
creating /home/ssafy/work/1001homework6/build/turtlesim_drawing/build/lib/turtlesim_drawing
copying turtlesim_drawing/__init__.py -> /home/ssafy/work/1001homework6/build/turtlesim_drawing/build/lib/turtlesim_drawing
copying turtlesim_drawing/draw_ga.py -> /home/ssafy/work/1001homework6/build/turtlesim_drawing/build/lib/turtlesim_drawing
running install
running install_lib
creating /home/ssafy/work/1001homework6/install/turtlesim_drawing/lib/python3.10/site-packages/turtlesim_drawing
copying /home/ssafy/work/1001homework6/build/turtlesim_drawing/build/lib/turtlesim_drawing/__init__.py -> /home/ssafy/work/1001homework6/install/turtlesim_drawing/lib/python3.10/site-packages/turtlesim_drawing
copying /home/ssafy/work/1001homework6/build/turtlesim_drawing/build/lib/turtlesim_drawing/draw_ga.py -> /home/ssafy/work/1001homework6/install/turtlesim_drawing/lib/python3.10/site-packages/turtlesim_drawing
byte-compiling /home/ssafy/work/1001homework6/install/turtlesim_drawing/lib/python3.10/site-packages/turtlesim_drawing/__init__.py to __init__.cpython-310.pyc
byte-compiling /home/ssafy/work/1001homework6/install/turtlesim_drawing/lib/python3.10/site-packages/turtlesim_drawing/draw_ga.py to draw_ga.cpython-310.pyc
running install_data
creating /home/ssafy/work/1001homework6/install/turtlesim_drawing/share/ament_index
creating /home/ssafy/work/1001homework6/install/turtlesim_drawing/share/ament_index/resource_index
creating /home/ssafy/work/1001homework6/install/turtlesim_drawing/share/ament_index/resource_index/packages
copying resource/turtlesim_drawing -> /home/ssafy/work/1001homework6/install/turtlesim_drawing/share/ament_index/resource_index/packages
copying package.xml -> /home/ssafy/work/1001homework6/install/turtlesim_drawing/share/turtlesim_drawing
running install_egg_info
Copying ../../build/turtlesim_drawing/turtlesim_drawing.egg-info to /home/ssafy/work/1001homework6/install/turtlesim_drawing/lib/python3.10/site-packages/turtlesim_drawing-0.0.0-py3.10.egg-info
running install_scripts
Installing draw_ga script to /home/ssafy/work/1001homework6/install/turtlesim_drawing/lib/turtlesim_drawing
writing list of installed files to '/home/ssafy/work/1001homework6/build/turtlesim_drawing/install.log'
