[0.371s] Invoking command in '/home/ssafy/work/1001homework6/src/turtlesim_drawing': PYTHONPATH=/home/ssafy/work/1001homework6/build/turtlesim_drawing/prefix_override:/usr/lib/python3/dist-packages/colcon_core/task/python/colcon_distutils_commands:/home/ssafy/work/1001homework6/install/turtlesim_drawing/lib/python3.10/site-packages:${PYTHONPATH} /usr/bin/python3 -W ignore:setup.py install is deprecated -W ignore:easy_install command is deprecated setup.py egg_info --egg-base ../../build/turtlesim_drawing build --build-base /home/ssafy/work/1001homework6/build/turtlesim_drawing/build install --record /home/ssafy/work/1001homework6/build/turtlesim_drawing/install.log --single-version-externally-managed install_data
[0.514s] running egg_info
[0.514s] writing ../../build/turtlesim_drawing/turtlesim_drawing.egg-info/PKG-INFO
[0.514s] writing dependency_links to ../../build/turtlesim_drawing/turtlesim_drawing.egg-info/dependency_links.txt
[0.514s] writing entry points to ../../build/turtlesim_drawing/turtlesim_drawing.egg-info/entry_points.txt
[0.515s] writing requirements to ../../build/turtlesim_drawing/turtlesim_drawing.egg-info/requires.txt
[0.515s] writing top-level names to ../../build/turtlesim_drawing/turtlesim_drawing.egg-info/top_level.txt
[0.516s] reading manifest file '../../build/turtlesim_drawing/turtlesim_drawing.egg-info/SOURCES.txt'
[0.517s] writing manifest file '../../build/turtlesim_drawing/turtlesim_drawing.egg-info/SOURCES.txt'
[0.517s] running build
[0.517s] running build_py
[0.517s] running install
[0.517s] running install_lib
[0.518s] running install_data
[0.518s] running install_egg_info
[0.519s] removing '/home/ssafy/work/1001homework6/install/turtlesim_drawing/lib/python3.10/site-packages/turtlesim_drawing-0.0.0-py3.10.egg-info' (and everything under it)
[0.519s] Copying ../../build/turtlesim_drawing/turtlesim_drawing.egg-info to /home/ssafy/work/1001homework6/install/turtlesim_drawing/lib/python3.10/site-packages/turtlesim_drawing-0.0.0-py3.10.egg-info
[0.519s] running install_scripts
[0.533s] Installing draw_ga script to /home/ssafy/work/1001homework6/install/turtlesim_drawing/lib/turtlesim_drawing
[0.533s] writing list of installed files to '/home/ssafy/work/1001homework6/build/turtlesim_drawing/install.log'
[0.547s] Invoked command in '/home/ssafy/work/1001homework6/src/turtlesim_drawing' returned '0': PYTHONPATH=/home/ssafy/work/1001homework6/build/turtlesim_drawing/prefix_override:/usr/lib/python3/dist-packages/colcon_core/task/python/colcon_distutils_commands:/home/ssafy/work/1001homework6/install/turtlesim_drawing/lib/python3.10/site-packages:${PYTHONPATH} /usr/bin/python3 -W ignore:setup.py install is deprecated -W ignore:easy_install command is deprecated setup.py egg_info --egg-base ../../build/turtlesim_drawing build --build-base /home/ssafy/work/1001homework6/build/turtlesim_drawing/build install --record /home/ssafy/work/1001homework6/build/turtlesim_drawing/install.log --single-version-externally-managed install_data
