[0.504s] Invoking command in '/home/ssafy/work/ros_prac3/src/my_python_pkg': PYTHONPATH=/home/ssafy/work/ros_prac3/build/my_python_pkg/prefix_override:/usr/lib/python3/dist-packages/colcon_core/task/python/colcon_distutils_commands:/home/ssafy/work/ros_prac3/install/my_python_pkg/lib/python3.10/site-packages:${PYTHONPATH} /usr/bin/python3 -W ignore:setup.py install is deprecated -W ignore:easy_install command is deprecated setup.py egg_info --egg-base ../../build/my_python_pkg build --build-base /home/ssafy/work/ros_prac3/build/my_python_pkg/build install --record /home/ssafy/work/ros_prac3/build/my_python_pkg/install.log --single-version-externally-managed install_data
[0.648s] running egg_info
[0.648s] writing ../../build/my_python_pkg/my_python_pkg.egg-info/PKG-INFO
[0.648s] writing dependency_links to ../../build/my_python_pkg/my_python_pkg.egg-info/dependency_links.txt
[0.648s] writing entry points to ../../build/my_python_pkg/my_python_pkg.egg-info/entry_points.txt
[0.648s] writing requirements to ../../build/my_python_pkg/my_python_pkg.egg-info/requires.txt
[0.648s] writing top-level names to ../../build/my_python_pkg/my_python_pkg.egg-info/top_level.txt
[0.649s] reading manifest file '../../build/my_python_pkg/my_python_pkg.egg-info/SOURCES.txt'
[0.650s] writing manifest file '../../build/my_python_pkg/my_python_pkg.egg-info/SOURCES.txt'
[0.650s] running build
[0.650s] running build_py
[0.650s] running install
[0.650s] running install_lib
[0.651s] running install_data
[0.651s] running install_egg_info
[0.652s] removing '/home/ssafy/work/ros_prac3/install/my_python_pkg/lib/python3.10/site-packages/my_python_pkg-0.0.0-py3.10.egg-info' (and everything under it)
[0.653s] Copying ../../build/my_python_pkg/my_python_pkg.egg-info to /home/ssafy/work/ros_prac3/install/my_python_pkg/lib/python3.10/site-packages/my_python_pkg-0.0.0-py3.10.egg-info
[0.653s] running install_scripts
[0.666s] Installing my_node script to /home/ssafy/work/ros_prac3/install/my_python_pkg/lib/my_python_pkg
[0.666s] writing list of installed files to '/home/ssafy/work/ros_prac3/build/my_python_pkg/install.log'
[0.681s] Invoked command in '/home/ssafy/work/ros_prac3/src/my_python_pkg' returned '0': PYTHONPATH=/home/ssafy/work/ros_prac3/build/my_python_pkg/prefix_override:/usr/lib/python3/dist-packages/colcon_core/task/python/colcon_distutils_commands:/home/ssafy/work/ros_prac3/install/my_python_pkg/lib/python3.10/site-packages:${PYTHONPATH} /usr/bin/python3 -W ignore:setup.py install is deprecated -W ignore:easy_install command is deprecated setup.py egg_info --egg-base ../../build/my_python_pkg build --build-base /home/ssafy/work/ros_prac3/build/my_python_pkg/build install --record /home/ssafy/work/ros_prac3/build/my_python_pkg/install.log --single-version-externally-managed install_data
